2025-10-20 20:01:55,914 DEBUG    root            Loaded Command Group: ['gcloud', 'components']
2025-10-20 20:01:55,944 DEBUG    root            Loaded Command Group: ['gcloud', 'components', 'update']
2025-10-20 20:01:55,946 DEBUG    root            Running [gcloud.components.update] with arguments: [--quiet: "True", COMPONENT-IDS:8: "['gcloud', 'core', 'bq', 'gsutil', 'compute', 'preview', 'alpha', 'beta']"]
2025-10-20 20:01:55,947 INFO     ___FILE_ONLY___ Beginning update. This process may take several minutes.

2025-10-20 20:01:55,955 DEBUG    urllib3.connectionpool Starting new HTTPS connection (1): dl.google.com:443
2025-10-20 20:01:55,965 DEBUG    urllib3.connectionpool https://dl.google.com:443 "GET /dl/cloudsdk/channels/rapid/components-2.json HTTP/11" 200 233157
2025-10-20 20:01:55,977 WARNING  root            Component [compute] no longer exists.
2025-10-20 20:01:55,978 INFO     ___FILE_ONLY___ 

2025-10-20 20:01:55,978 INFO     ___FILE_ONLY___ 
Your current Google Cloud CLI version is: 543.0.0

2025-10-20 20:01:55,978 INFO     ___FILE_ONLY___ Installing components from version: 543.0.0

2025-10-20 20:01:55,978 INFO     ___FILE_ONLY___ 

2025-10-20 20:01:55,978 DEBUG    root            Chosen display Format:table[box,title="These components will be removed."](details.display_name:label=Name:align=left,version.version_string:label=Version:align=right,data.size.size(zero="",min=1048576):label=Size:align=right)
2025-10-20 20:01:55,979 DEBUG    root            Chosen display Format:table[box,title="These components will be updated."](details.display_name:label=Name:align=left,version.version_string:label=Version:align=right,data.size.size(zero="",min=1048576):label=Size:align=right)
2025-10-20 20:01:55,979 DEBUG    root            Chosen display Format:table[box,title="These components will be installed."](details.display_name:label=Name:align=left,version.version_string:label=Version:align=right,data.size.size(zero="",min=1048576):label=Size:align=right)
2025-10-20 20:01:55,994 INFO     ___FILE_ONLY___ ┌────────────────────────────────────────────────┐
2025-10-20 20:01:55,994 INFO     ___FILE_ONLY___ 

2025-10-20 20:01:55,995 INFO     ___FILE_ONLY___ │      These components will be installed.       │
2025-10-20 20:01:55,995 INFO     ___FILE_ONLY___ 

2025-10-20 20:01:55,995 INFO     ___FILE_ONLY___ ├─────────────────────────┬────────────┬─────────┤
2025-10-20 20:01:55,995 INFO     ___FILE_ONLY___ 

2025-10-20 20:01:55,995 INFO     ___FILE_ONLY___ │           Name          │  Version   │   Size  │
2025-10-20 20:01:55,995 INFO     ___FILE_ONLY___ 

2025-10-20 20:01:55,995 INFO     ___FILE_ONLY___ ├─────────────────────────┼────────────┼─────────┤
2025-10-20 20:01:55,995 INFO     ___FILE_ONLY___ 

2025-10-20 20:01:55,995 INFO     ___FILE_ONLY___ │ 
2025-10-20 20:01:55,995 INFO     ___FILE_ONLY___ gcloud Alpha Commands  
2025-10-20 20:01:55,995 INFO     ___FILE_ONLY___  
2025-10-20 20:01:55,995 INFO     ___FILE_ONLY___ │ 
2025-10-20 20:01:55,995 INFO     ___FILE_ONLY___ 2025.10.10
2025-10-20 20:01:55,995 INFO     ___FILE_ONLY___  
2025-10-20 20:01:55,995 INFO     ___FILE_ONLY___ │ 
2025-10-20 20:01:55,995 INFO     ___FILE_ONLY___ < 1 MiB
2025-10-20 20:01:55,995 INFO     ___FILE_ONLY___  
2025-10-20 20:01:55,996 INFO     ___FILE_ONLY___ │
2025-10-20 20:01:55,996 INFO     ___FILE_ONLY___ 

2025-10-20 20:01:55,996 INFO     ___FILE_ONLY___ │ 
2025-10-20 20:01:55,996 INFO     ___FILE_ONLY___ gcloud Beta Commands   
2025-10-20 20:01:55,996 INFO     ___FILE_ONLY___  
2025-10-20 20:01:55,996 INFO     ___FILE_ONLY___ │ 
2025-10-20 20:01:55,996 INFO     ___FILE_ONLY___ 2025.10.10
2025-10-20 20:01:55,996 INFO     ___FILE_ONLY___  
2025-10-20 20:01:55,996 INFO     ___FILE_ONLY___ │ 
2025-10-20 20:01:55,996 INFO     ___FILE_ONLY___ < 1 MiB
2025-10-20 20:01:55,996 INFO     ___FILE_ONLY___  
2025-10-20 20:01:55,996 INFO     ___FILE_ONLY___ │
2025-10-20 20:01:55,996 INFO     ___FILE_ONLY___ 

2025-10-20 20:01:55,996 INFO     ___FILE_ONLY___ │ 
2025-10-20 20:01:55,996 INFO     ___FILE_ONLY___ gcloud Preview Commands
2025-10-20 20:01:55,996 INFO     ___FILE_ONLY___  
2025-10-20 20:01:55,996 INFO     ___FILE_ONLY___ │ 
2025-10-20 20:01:55,996 INFO     ___FILE_ONLY___           
2025-10-20 20:01:55,996 INFO     ___FILE_ONLY___  
2025-10-20 20:01:55,996 INFO     ___FILE_ONLY___ │ 
2025-10-20 20:01:55,996 INFO     ___FILE_ONLY___ < 1 MiB
2025-10-20 20:01:55,997 INFO     ___FILE_ONLY___  
2025-10-20 20:01:55,997 INFO     ___FILE_ONLY___ │
2025-10-20 20:01:55,997 INFO     ___FILE_ONLY___ 

2025-10-20 20:01:55,997 INFO     ___FILE_ONLY___ └─────────────────────────┴────────────┴─────────┘
2025-10-20 20:01:55,997 INFO     ___FILE_ONLY___ 

2025-10-20 20:01:55,997 INFO     ___FILE_ONLY___ 

2025-10-20 20:01:55,999 DEBUG    urllib3.connectionpool Starting new HTTPS connection (1): dl.google.com:443
2025-10-20 20:01:56,012 DEBUG    urllib3.connectionpool https://dl.google.com:443 "GET /dl/cloudsdk/channels/rapid/RELEASE_NOTES HTTP/11" 200 1499632
2025-10-20 20:01:56,519 INFO     ___FILE_ONLY___ For the latest full release notes, please visit:
  https://cloud.google.com/sdk/release_notes


2025-10-20 20:01:56,520 INFO     ___FILE_ONLY___ Performing in place update...


2025-10-20 20:01:56,522 INFO     ___FILE_ONLY___ ╔════════════════════════════════════════════════════════════╗

2025-10-20 20:01:56,522 INFO     ___FILE_ONLY___ ╠═ Downloading: gcloud Alpha Commands                       ═╣

2025-10-20 20:01:56,522 INFO     ___FILE_ONLY___ ╚
2025-10-20 20:01:56,525 DEBUG    urllib3.connectionpool Starting new HTTPS connection (1): dl.google.com:443
2025-10-20 20:01:56,536 DEBUG    urllib3.connectionpool https://dl.google.com:443 "GET /dl/cloudsdk/channels/rapid/components/google-cloud-sdk-alpha-20251010143653.tar.gz HTTP/11" 200 800
2025-10-20 20:01:56,536 INFO     ___FILE_ONLY___ ════════════════════════════════════════════════════════════
2025-10-20 20:01:56,537 INFO     ___FILE_ONLY___ ╝

2025-10-20 20:01:56,538 INFO     ___FILE_ONLY___ ╔════════════════════════════════════════════════════════════╗

2025-10-20 20:01:56,538 INFO     ___FILE_ONLY___ ╠═ Downloading: gcloud Beta Commands                        ═╣

2025-10-20 20:01:56,539 INFO     ___FILE_ONLY___ ╚
2025-10-20 20:01:56,541 DEBUG    urllib3.connectionpool Starting new HTTPS connection (1): dl.google.com:443
2025-10-20 20:01:56,552 DEBUG    urllib3.connectionpool https://dl.google.com:443 "GET /dl/cloudsdk/channels/rapid/components/google-cloud-sdk-beta-20251010143653.tar.gz HTTP/11" 200 797
2025-10-20 20:01:56,553 INFO     ___FILE_ONLY___ ════════════════════════════════════════════════════════════
2025-10-20 20:01:56,553 INFO     ___FILE_ONLY___ ╝

2025-10-20 20:01:56,555 INFO     ___FILE_ONLY___ ╔════════════════════════════════════════════════════════════╗

2025-10-20 20:01:56,555 INFO     ___FILE_ONLY___ ╠═ Downloading: gcloud Preview Commands                     ═╣

2025-10-20 20:01:56,555 INFO     ___FILE_ONLY___ ╚
2025-10-20 20:01:56,557 DEBUG    urllib3.connectionpool Starting new HTTPS connection (1): dl.google.com:443
2025-10-20 20:01:56,608 DEBUG    urllib3.connectionpool https://dl.google.com:443 "GET /dl/cloudsdk/channels/rapid/components/google-cloud-sdk-preview-20241115154308.tar.gz HTTP/11" 200 823
2025-10-20 20:01:56,609 INFO     ___FILE_ONLY___ ════════════════════════════════════════════════════════════
2025-10-20 20:01:56,609 INFO     ___FILE_ONLY___ ╝

2025-10-20 20:01:56,611 INFO     ___FILE_ONLY___ ╔════════════════════════════════════════════════════════════╗

2025-10-20 20:01:56,611 INFO     ___FILE_ONLY___ ╠═ Installing: gcloud Alpha Commands                        ═╣

2025-10-20 20:01:56,611 INFO     ___FILE_ONLY___ ╚
2025-10-20 20:01:56,612 INFO     ___FILE_ONLY___ ════════════════════════════════════════════════════════════
2025-10-20 20:01:56,612 INFO     ___FILE_ONLY___ ╝

2025-10-20 20:01:56,617 INFO     ___FILE_ONLY___ ╔════════════════════════════════════════════════════════════╗

2025-10-20 20:01:56,617 INFO     ___FILE_ONLY___ ╠═ Installing: gcloud Beta Commands                         ═╣

2025-10-20 20:01:56,617 INFO     ___FILE_ONLY___ ╚
2025-10-20 20:01:56,618 INFO     ___FILE_ONLY___ ════════════════════════════════════════════════════════════
2025-10-20 20:01:56,618 INFO     ___FILE_ONLY___ ╝

2025-10-20 20:01:56,622 INFO     ___FILE_ONLY___ ╔════════════════════════════════════════════════════════════╗

2025-10-20 20:01:56,622 INFO     ___FILE_ONLY___ ╠═ Installing: gcloud Preview Commands                      ═╣

2025-10-20 20:01:56,622 INFO     ___FILE_ONLY___ ╚
2025-10-20 20:01:56,623 INFO     ___FILE_ONLY___ ════════════════════════════════════════════════════════════
2025-10-20 20:01:56,623 INFO     ___FILE_ONLY___ ╝

2025-10-20 20:01:56,628 DEBUG    root            Updating notification cache...
2025-10-20 20:01:56,628 INFO     ___FILE_ONLY___ 

2025-10-20 20:01:56,630 INFO     ___FILE_ONLY___ Performing post processing steps...
2025-10-20 20:01:56,630 DEBUG    root            Executing command: ['/tools/google-cloud-sdk/bin/gcloud', 'components', 'post-process']
2025-10-20 20:02:05,199 DEBUG    ___FILE_ONLY___ 
2025-10-20 20:02:05,199 DEBUG    ___FILE_ONLY___ 
2025-10-20 20:02:05,410 INFO     root            descriptor_list: [{'universeDomain': 'googleapis.com', 'universeShortName': '', 'authenticationDomain': 'auth.cloud.google.com', 'projectPrefix': '', 'cloudWebDomain': 'cloud.google.com', 'documentationDomain': 'cloud.google.com', 'version': '1.0.0', 'state': 'primary', 'artifactRegistryDomain': 'pkg.dev'}]
2025-10-20 20:02:05,410 INFO     ___FILE_ONLY___ 
Update done!


2025-10-20 20:02:05,412 DEBUG    root            Chosen display Format:none
2025-10-20 20:02:05,413 INFO     root            Display format: "none"
